<?xml version="1.0" encoding="UTF-8"?>
<!-- Generated by org.testng.reporters.JUnitXMLReporter -->
<testsuite ignored="1" hostname="MacBook-Air.local" failures="0" tests="1" name="Default test" time="31.213" errors="0" timestamp="2025-11-25T18:29:43 IST">
  <testcase classname="testClasses.LoginTest" name="testValidLogin" time="11.127"/>
  <testcase classname="testClasses.LoginTest" name="testValidLoginFailed" time="0.0">
    <ignored/>
  </testcase> <!-- testValidLoginFailed -->
</testsuite> <!-- Default test -->
